<?xml version="1.0" encoding="UTF-8"?>
<!-- Generated by org.testng.reporters.JUnitReportReporter -->
<testsuite hostname="BINCDV-I10165" name="Regression.INT.INT_Spinraza_Affiliations_HCP_HCO_SMA" tests="1" failures="1" timestamp="21 Aug 2017 14:37:28 GMT" time="190.027" errors="0">
  <testcase name="INT_SpinrazaAffiliation_SMA" time="190.027" classname="Regression.INT.INT_Spinraza_Affiliations_HCP_HCO_SMA">
    <failure type="java.lang.AssertionError" message="Test Case failed. ErrorMsg: Unable to create Affiliation.Exception occuredException caught while executing verifyElementFound: Element xpath=//*[@accessibilityLabel=&#039;Patient referral&#039;] wasn&#039;t found">
      <![CDATA[java.lang.AssertionError: Test Case failed. ErrorMsg: Unable to create Affiliation.Exception occuredException caught while executing verifyElementFound: Element xpath=//*[@accessibilityLabel='Patient referral'] wasn't found
	at org.testng.Assert.fail(Assert.java:94)
	at com.cognizant.framework.Report.updateTestLog(Report.java:171)
	at com.framework.testbase.TestBase.createAndVerifySpinrazaSMAAffiliation(TestBase.java:5454)
	at Regression.INT.INT_Spinraza_Affiliations_HCP_HCO_SMA.INT_SpinrazaAffiliation_SMA(INT_Spinraza_Affiliations_HCP_HCO_SMA.java:50)
	at sun.reflect.NativeMethodAccessorImpl.invoke0(Native Method)
	at sun.reflect.NativeMethodAccessorImpl.invoke(NativeMethodAccessorImpl.java:62)
	at sun.reflect.DelegatingMethodAccessorImpl.invoke(DelegatingMethodAccessorImpl.java:43)
	at java.lang.reflect.Method.invoke(Method.java:498)
	at org.testng.internal.MethodInvocationHelper.invokeMethod(MethodInvocationHelper.java:85)
	at org.testng.internal.Invoker.invokeMethod(Invoker.java:639)
	at org.testng.internal.Invoker.invokeTestMethod(Invoker.java:816)
	at org.testng.internal.Invoker.invokeTestMethods(Invoker.java:1124)
	at org.testng.internal.TestMethodWorker.invokeTestMethods(TestMethodWorker.java:125)
	at org.testng.internal.TestMethodWorker.run(TestMethodWorker.java:108)
	at org.testng.TestRunner.privateRun(TestRunner.java:774)
	at org.testng.TestRunner.run(TestRunner.java:624)
	at org.testng.SuiteRunner.runTest(SuiteRunner.java:359)
	at org.testng.SuiteRunner.runSequentially(SuiteRunner.java:354)
	at org.testng.SuiteRunner.privateRun(SuiteRunner.java:312)
	at org.testng.SuiteRunner.run(SuiteRunner.java:261)
	at org.testng.SuiteRunnerWorker.runSuite(SuiteRunnerWorker.java:52)
	at org.testng.SuiteRunnerWorker.run(SuiteRunnerWorker.java:86)
	at org.testng.TestNG.runSuitesSequentially(TestNG.java:1215)
	at org.testng.TestNG.runSuitesLocally(TestNG.java:1140)
	at org.testng.TestNG.run(TestNG.java:1048)
	at org.testng.remote.AbstractRemoteTestNG.run(AbstractRemoteTestNG.java:132)
	at org.testng.remote.RemoteTestNG.initAndRun(RemoteTestNG.java:236)
	at org.testng.remote.RemoteTestNG.main(RemoteTestNG.java:81)
]]>
    </failure>
  </testcase> <!-- INT_SpinrazaAffiliation_SMA -->
</testsuite> <!-- Regression.INT.INT_Spinraza_Affiliations_HCP_HCO_SMA -->
