<!DOCTYPE html PUBLIC "-//W3C//DTD XHTML 1.1//EN" "http://www.w3.org/TR/xhtml11/DTD/xhtml11.dtd">
<html xmlns="http://www.w3.org/1999/xhtml"><head><title>TestNG Report</title><style type="text/css">table {margin-bottom:10px;border-collapse:collapse;empty-cells:show}th,td {border:1px solid #009;padding:.25em .5em}th {vertical-align:bottom}td {vertical-align:top}table a {font-weight:bold}.stripe td {background-color: #E6EBF9}.num {text-align:right}.passedodd td {background-color: #3F3}.passedeven td {background-color: #0A0}.skippedodd td {background-color: #DDD}.skippedeven td {background-color: #CCC}.failedodd td,.attn {background-color: #F33}.failedeven td,.stripe .attn {background-color: #D00}.stacktrace {white-space:pre;font-family:monospace}.totop {font-size:85%;text-align:center;border-bottom:2px solid #000}</style></head><body><table><tr><th>Test</th><th># Passed</th><th># Skipped</th><th># Failed</th><th>Time (ms)</th><th>Included Groups</th><th>Excluded Groups</th></tr><tr><th colspan="7">iRep_Automation_Suite</th></tr><tr><td><a href="#t0">Regression</a></td><td class="num">1</td><td class="num">0</td><td class="num attn">1</td><td class="num">50,424</td><td></td><td></td></tr></table><table><thead><tr><th>Class</th><th>Method</th><th>Start</th><th>Time (ms)</th></tr></thead><tbody><tr><th colspan="4">iRep_Automation_Suite</th></tr></tbody><tbody id="t0"><tr><th colspan="4">Regression &#8212; failed (configuration methods)</th></tr><tr class="failedeven"><td rowspan="1">Regression.US.FullFlow</td><td><a href="#m0">testMethodTearDown</a></td><td rowspan="1">1510753822278</td><td rowspan="1">0</td></tr><tr><th colspan="4">Regression &#8212; failed</th></tr><tr class="failedeven"><td rowspan="1">Regression.US.FullFlow</td><td><a href="#m1">nPlate</a></td><td rowspan="1">1510753785322</td><td rowspan="1">36950</td></tr><tr><th colspan="4">Regression &#8212; skipped (configuration methods)</th></tr><tr class="skippedeven"><td rowspan="1">Regression.US.FullFlow</td><td><a href="#m2">suiteTearDown</a></td><td rowspan="1">1510753833641</td><td rowspan="1">0</td></tr><tr><th colspan="4">Regression &#8212; passed</th></tr><tr class="passedeven"><td rowspan="1">com.framework.utility.FinalTest</td><td><a href="#m3">FinalTestReport</a></td><td rowspan="1">1510753833539</td><td rowspan="1">39</td></tr></tbody></table><h2>Regression</h2><h3 id="m0">Regression.US.FullFlow#testMethodTearDown</h3><table class="result"><tr class="param"><th>Parameter #1</th></tr><tr class="param stripe"><td>[TestResult name=nPlate status=FAILURE method=FullFlow.nPlate(java.util.Hashtable, java.lang.reflect.Method)[pri:1, instance:Regression.US.FullFlow@2bbf4b8b] output={null}]</td></tr><tr><th>Exception</th></tr><tr><td><div class="stacktrace">java.lang.NullPointerException
	at java.util.regex.Matcher.getTextLength(Unknown Source)
	at java.util.regex.Matcher.reset(Unknown Source)
	at java.util.regex.Matcher.&lt;init&gt;(Unknown Source)
	at java.util.regex.Pattern.matcher(Unknown Source)
	at com.UploadALM.util.ALMResultUpdater.getTestID(ALMResultUpdater.java:214)
	at com.UploadALM.util.ALMResultUpdater.createRun(ALMResultUpdater.java:89)
	at com.UploadALM.util.ALMResultUpdater.updateStatus(ALMResultUpdater.java:60)
	at com.framework.testbase.TestBase.almIntegration(TestBase.java:225)
	at com.framework.testbase.TestBase.testMethodTearDown(TestBase.java:406)
... Removed 26 stack frames</div></td></tr></table><p class="totop"><a href="#summary">back to summary</a></p><h3 id="m1">Regression.US.FullFlow#nPlate</h3><table class="result"><tr class="param"><th>Parameter #1</th><th>Parameter #2</th></tr><tr class="param stripe"><td>{Password=123456, HCO_Primary_Country=, HCP_CustomerType=, HCO_Type=, HCO_Speciality=, HCP_Notes=, HCO_Country=, HCP_Speciality=, UserName=mohamedkahaf@gmail.com, HCO_State=, PrimaryParent=, HCP_FirstName=, HCP_Salutation=, RunMode=Y, HCO_Add2=, HCO_City=, HCO_Add1=, HCP_LastName=, HCP_Primary_Country=, HCO_Notes=, HCO_Zip=, Plateletcount=700.0}</td><td>public void Regression.US.FullFlow.nPlate(java.util.Hashtable,java.lang.reflect.Method) throws java.lang.Exception</td></tr><tr><th colspan="2">Exception</th></tr><tr><td colspan="2"><div class="stacktrace">java.lang.AssertionError: Test Case failed. ErrorMsg: Home Screen is not displayed
	at com.cognizant.framework.Report.updateTestLog(Report.java:171)
	at Regression.US.FullFlow.nPlate(FullFlow.java:69)
... Removed 25 stack frames</div></td></tr></table><p class="totop"><a href="#summary">back to summary</a></p><h3 id="m2">Regression.US.FullFlow#suiteTearDown</h3><table class="result"></table><p class="totop"><a href="#summary">back to summary</a></p><h3 id="m3">com.framework.utility.FinalTest#FinalTestReport</h3><table class="result"></table><p class="totop"><a href="#summary">back to summary</a></p></body></html>