<?xml version="1.0" encoding="UTF-8"?>
<!-- Generated by org.testng.reporters.JUnitReportReporter -->
<testsuite hostname="BINCDV-I10165" name="Regression.US.US_DCR_UnverifiedAccount_EditHCP" tests="1" failures="1" timestamp="19 Jul 2017 16:23:22 GMT" time="643.152" errors="0">
  <testcase name="US_DCRapprovalUnverifiedHCPAcc" time="643.152" classname="Regression.US.US_DCR_UnverifiedAccount_EditHCP">
    <failure type="java.lang.AssertionError" message="Test Case failed. ErrorMsg: Unable to verify approved DCR status for respective account.Exception occured">
      <![CDATA[java.lang.AssertionError: Test Case failed. ErrorMsg: Unable to verify approved DCR status for respective account.Exception occured
	at org.testng.Assert.fail(Assert.java:94)
	at com.cognizant.framework.Report.updateTestLog(Report.java:171)
	at com.framework.testbase.TestBase.verifyApprovedDCRStatusForAccount(TestBase.java:4801)
	at Regression.US.US_DCR_UnverifiedAccount_EditHCP.US_DCRapprovalUnverifiedHCPAcc(US_DCR_UnverifiedAccount_EditHCP.java:75)
	at sun.reflect.NativeMethodAccessorImpl.invoke0(Native Method)
	at sun.reflect.NativeMethodAccessorImpl.invoke(Unknown Source)
	at sun.reflect.DelegatingMethodAccessorImpl.invoke(Unknown Source)
	at java.lang.reflect.Method.invoke(Unknown Source)
	at org.testng.internal.MethodInvocationHelper.invokeMethod(MethodInvocationHelper.java:85)
	at org.testng.internal.Invoker.invokeMethod(Invoker.java:639)
	at org.testng.internal.Invoker.invokeTestMethod(Invoker.java:816)
	at org.testng.internal.Invoker.invokeTestMethods(Invoker.java:1124)
	at org.testng.internal.TestMethodWorker.invokeTestMethods(TestMethodWorker.java:125)
	at org.testng.internal.TestMethodWorker.run(TestMethodWorker.java:108)
	at org.testng.TestRunner.privateRun(TestRunner.java:774)
	at org.testng.TestRunner.run(TestRunner.java:624)
	at org.testng.SuiteRunner.runTest(SuiteRunner.java:359)
	at org.testng.SuiteRunner.runSequentially(SuiteRunner.java:354)
	at org.testng.SuiteRunner.privateRun(SuiteRunner.java:312)
	at org.testng.SuiteRunner.run(SuiteRunner.java:261)
	at org.testng.SuiteRunnerWorker.runSuite(SuiteRunnerWorker.java:52)
	at org.testng.SuiteRunnerWorker.run(SuiteRunnerWorker.java:86)
	at org.testng.TestNG.runSuitesSequentially(TestNG.java:1215)
	at org.testng.TestNG.runSuitesLocally(TestNG.java:1140)
	at org.testng.TestNG.run(TestNG.java:1048)
	at org.testng.remote.AbstractRemoteTestNG.run(AbstractRemoteTestNG.java:132)
	at org.testng.remote.RemoteTestNG.initAndRun(RemoteTestNG.java:236)
	at org.testng.remote.RemoteTestNG.main(RemoteTestNG.java:81)
]]>
    </failure>
  </testcase> <!-- US_DCRapprovalUnverifiedHCPAcc -->
</testsuite> <!-- Regression.US.US_DCR_UnverifiedAccount_EditHCP -->
